
> frontend@0.1.0 start
> react-scripts start

Starting the development server...

Compiled successfully!

You can now view frontend in the browser.

  Local:            http://localhost:3001
  On Your Network:  http://192.168.31.247:3001

Note that the development build is not optimized.
To create a production build, use npm run build.

webpack compiled [1m[32msuccessfully[39m[22m
Compiling...
Compiled successfully!
webpack compiled [1m[32msuccessfully[39m[22m
Compiling...
Compiled successfully!
webpack compiled [1m[32msuccessfully[39m[22m
Failed to compile.

Module not found: Error: Can't resolve './pages/Authority' in 'C:\Users\Anup Kumar\Desktop\projects\swms\frontend\src'
[1m[31mERROR[39m[22m in [1m./src/App.jsx[39m[22m [1m[32m8:0-46[39m[22m
[1mModule [1m[31mnot found[39m[22m[1m: [1m[31mError[39m[22m[1m: Can't resolve './pages/Authority' in 'C:\Users\Anup Kumar\Desktop\projects\swms\frontend\src'[39m[22m

webpack compiled with [1m[31m1 error[39m[22m
Compiling...
Compiled successfully!
webpack compiled [1m[32msuccessfully[39m[22m
Failed to compile.

Module not found: Error: Can't resolve './pages/Driver' in 'C:\Users\Anup Kumar\Desktop\projects\swms\frontend\src'
[1m[31mERROR[39m[22m in [1m./src/App.jsx[39m[22m [1m[32m10:0-40[39m[22m
[1mModule [1m[31mnot found[39m[22m[1m: [1m[31mError[39m[22m[1m: Can't resolve './pages/Driver' in 'C:\Users\Anup Kumar\Desktop\projects\swms\frontend\src'[39m[22m

webpack compiled with [1m[31m1 error[39m[22m
Compiling...
Compiled successfully!
webpack compiled [1m[32msuccessfully[39m[22m
Failed to compile.

Module not found: Error: Can't resolve './pages/Vehicle' in 'C:\Users\Anup Kumar\Desktop\projects\swms\frontend\src'
[1m[31mERROR[39m[22m in [1m./src/App.jsx[39m[22m [1m[32m12:0-42[39m[22m
[1mModule [1m[31mnot found[39m[22m[1m: [1m[31mError[39m[22m[1m: Can't resolve './pages/Vehicle' in 'C:\Users\Anup Kumar\Desktop\projects\swms\frontend\src'[39m[22m

webpack compiled with [1m[31m1 error[39m[22m
Compiling...
Compiled successfully!
webpack compiled [1m[32msuccessfully[39m[22m
Failed to compile.

Module not found: Error: Can't resolve './pages/Bin' in 'C:\Users\Anup Kumar\Desktop\projects\swms\frontend\src'
[1m[31mERROR[39m[22m in [1m./src/App.jsx[39m[22m [1m[32m9:0-34[39m[22m
[1mModule [1m[31mnot found[39m[22m[1m: [1m[31mError[39m[22m[1m: Can't resolve './pages/Bin' in 'C:\Users\Anup Kumar\Desktop\projects\swms\frontend\src'[39m[22m

webpack compiled with [1m[31m1 error[39m[22m
Compiling...
Compiled successfully!
webpack compiled [1m[32msuccessfully[39m[22m
Failed to compile.

Module not found: Error: Can't resolve './pages/User' in 'C:\Users\Anup Kumar\Desktop\projects\swms\frontend\src'
[1m[31mERROR[39m[22m in [1m./src/App.jsx[39m[22m [1m[32m11:0-36[39m[22m
[1mModule [1m[31mnot found[39m[22m[1m: [1m[31mError[39m[22m[1m: Can't resolve './pages/User' in 'C:\Users\Anup Kumar\Desktop\projects\swms\frontend\src'[39m[22m

webpack compiled with [1m[31m1 error[39m[22m
Compiling...
Compiled successfully!
webpack compiled [1m[32msuccessfully[39m[22m
Compiling...
Compiled successfully!
webpack compiled [1m[32msuccessfully[39m[22m
Compiling...
Compiled successfully!
webpack compiled [1m[32msuccessfully[39m[22m
Compiling...
Compiled successfully!
webpack compiled [1m[32msuccessfully[39m[22m
Compiling...
Compiled successfully!
webpack compiled [1m[32msuccessfully[39m[22m
Compiling...
Compiled successfully!
webpack compiled [1m[32msuccessfully[39m[22m
Compiling...
Compiled successfully!
webpack compiled [1m[32msuccessfully[39m[22m
Compiling...
Compiled successfully!
webpack compiled [1m[32msuccessfully[39m[22m
Compiling...
Compiled successfully!
webpack compiled [1m[32msuccessfully[39m[22m
Failed to compile.

Module not found: Error: Can't resolve './pages/DashboardHome' in 'C:\Users\Anup Kumar\Desktop\projects\swms\frontend\src'
[1m[31mERROR[39m[22m in [1m./src/App.jsx[39m[22m [1m[32m6:0-50[39m[22m
[1mModule [1m[31mnot found[39m[22m[1m: [1m[31mError[39m[22m[1m: Can't resolve './pages/DashboardHome' in 'C:\Users\Anup Kumar\Desktop\projects\swms\frontend\src'[39m[22m

webpack compiled with [1m[31m1 error[39m[22m
Compiling...
Compiled with warnings.

[eslint] 
src\pages\DashboardHome.jsx
  Line 10:3:  'EmptyState' is defined but never used  no-unused-vars

Search for the keywords to learn more about each warning.
To ignore, add // eslint-disable-next-line to the line before.

[1m[33mWARNING[39m[22m in [1m[eslint] 
src\pages\DashboardHome.jsx
  Line 10:3:  'EmptyState' is defined but never used  no-unused-vars

[39m[22m

webpack compiled with [1m[33m1 warning[39m[22m
Failed to compile.

Module not found: Error: Can't resolve './pages/Analytics' in 'C:\Users\Anup Kumar\Desktop\projects\swms\frontend\src'
[1m[33mWARNING[39m[22m in [1m[eslint] 
src\pages\DashboardHome.jsx
  Line 10:3:  'EmptyState' is defined but never used  no-unused-vars

[39m[22m

[1m[31mERROR[39m[22m in [1m./src/App.jsx[39m[22m [1m[32m14:0-42[39m[22m
[1mModule [1m[31mnot found[39m[22m[1m: [1m[31mError[39m[22m[1m: Can't resolve './pages/Analytics' in 'C:\Users\Anup Kumar\Desktop\projects\swms\frontend\src'[39m[22m

webpack compiled with [1m[31m1 error[39m[22m and [1m[33m1 warning[39m[22m
Compiling...
Compiled with warnings.

[eslint] 
src\pages\DashboardHome.jsx
  Line 10:3:  'EmptyState' is defined but never used  no-unused-vars

Search for the keywords to learn more about each warning.
To ignore, add // eslint-disable-next-line to the line before.

[1m[33mWARNING[39m[22m in [1m[eslint] 
src\pages\DashboardHome.jsx
  Line 10:3:  'EmptyState' is defined but never used  no-unused-vars

[39m[22m

webpack compiled with [1m[33m1 warning[39m[22m
Failed to compile.

Module not found: Error: Can't resolve './pages/RouteOptimization' in 'C:\Users\Anup Kumar\Desktop\projects\swms\frontend\src'
[1m[33mWARNING[39m[22m in [1m[eslint] 
src\pages\DashboardHome.jsx
  Line 10:3:  'EmptyState' is defined but never used  no-unused-vars

[39m[22m

[1m[31mERROR[39m[22m in [1m./src/App.jsx[39m[22m [1m[32m15:0-58[39m[22m
[1mModule [1m[31mnot found[39m[22m[1m: [1m[31mError[39m[22m[1m: Can't resolve './pages/RouteOptimization' in 'C:\Users\Anup Kumar\Desktop\projects\swms\frontend\src'[39m[22m

webpack compiled with [1m[31m1 error[39m[22m and [1m[33m1 warning[39m[22m
Compiling...
Compiled with warnings.

[eslint] 
src\pages\DashboardHome.jsx
  Line 10:3:  'EmptyState' is defined but never used  no-unused-vars

Search for the keywords to learn more about each warning.
To ignore, add // eslint-disable-next-line to the line before.

[1m[33mWARNING[39m[22m in [1m[eslint] 
src\pages\DashboardHome.jsx
  Line 10:3:  'EmptyState' is defined but never used  no-unused-vars

[39m[22m

webpack compiled with [1m[33m1 warning[39m[22m
Failed to compile.

Module not found: Error: Can't resolve './pages/Forecasting' in 'C:\Users\Anup Kumar\Desktop\projects\swms\frontend\src'
[1m[33mWARNING[39m[22m in [1m[eslint] 
src\pages\DashboardHome.jsx
  Line 10:3:  'EmptyState' is defined but never used  no-unused-vars

[39m[22m

[1m[31mERROR[39m[22m in [1m./src/App.jsx[39m[22m [1m[32m16:0-46[39m[22m
[1mModule [1m[31mnot found[39m[22m[1m: [1m[31mError[39m[22m[1m: Can't resolve './pages/Forecasting' in 'C:\Users\Anup Kumar\Desktop\projects\swms\frontend\src'[39m[22m

webpack compiled with [1m[31m1 error[39m[22m and [1m[33m1 warning[39m[22m
Compiling...
Compiled with warnings.

[eslint] 
src\pages\DashboardHome.jsx
  Line 10:3:  'EmptyState' is defined but never used  no-unused-vars

Search for the keywords to learn more about each warning.
To ignore, add // eslint-disable-next-line to the line before.

[1m[33mWARNING[39m[22m in [1m[eslint] 
src\pages\DashboardHome.jsx
  Line 10:3:  'EmptyState' is defined but never used  no-unused-vars

[39m[22m

webpack compiled with [1m[33m1 warning[39m[22m
Failed to compile.

Module not found: Error: Can't resolve './pages/AnomalyDetection' in 'C:\Users\Anup Kumar\Desktop\projects\swms\frontend\src'
[1m[33mWARNING[39m[22m in [1m[eslint] 
src\pages\DashboardHome.jsx
  Line 10:3:  'EmptyState' is defined but never used  no-unused-vars

[39m[22m

[1m[31mERROR[39m[22m in [1m./src/App.jsx[39m[22m [1m[32m17:0-56[39m[22m
[1mModule [1m[31mnot found[39m[22m[1m: [1m[31mError[39m[22m[1m: Can't resolve './pages/AnomalyDetection' in 'C:\Users\Anup Kumar\Desktop\projects\swms\frontend\src'[39m[22m

webpack compiled with [1m[31m1 error[39m[22m and [1m[33m1 warning[39m[22m
Compiling...
Compiled with warnings.

[eslint] 
src\pages\AnomalyDetection.jsx
  Line 5:7:  'severityTone' is assigned a value but never used  no-unused-vars

src\pages\DashboardHome.jsx
  Line 10:3:  'EmptyState' is defined but never used  no-unused-vars

Search for the keywords to learn more about each warning.
To ignore, add // eslint-disable-next-line to the line before.

[1m[33mWARNING[39m[22m in [1m[eslint] 
src\pages\AnomalyDetection.jsx
  Line 5:7:  'severityTone' is assigned a value but never used  no-unused-vars

src\pages\DashboardHome.jsx
  Line 10:3:  'EmptyState' is defined but never used  no-unused-vars

[39m[22m

webpack compiled with [1m[33m1 warning[39m[22m
Failed to compile.

Module not found: Error: Can't resolve './pages/SLAMonitoring' in 'C:\Users\Anup Kumar\Desktop\projects\swms\frontend\src'
[1m[33mWARNING[39m[22m in [1m[eslint] 
src\pages\AnomalyDetection.jsx
  Line 5:7:  'severityTone' is assigned a value but never used  no-unused-vars

src\pages\DashboardHome.jsx
  Line 10:3:  'EmptyState' is defined but never used  no-unused-vars

[39m[22m

[1m[31mERROR[39m[22m in [1m./src/App.jsx[39m[22m [1m[32m18:0-50[39m[22m
[1mModule [1m[31mnot found[39m[22m[1m: [1m[31mError[39m[22m[1m: Can't resolve './pages/SLAMonitoring' in 'C:\Users\Anup Kumar\Desktop\projects\swms\frontend\src'[39m[22m

webpack compiled with [1m[31m1 error[39m[22m and [1m[33m1 warning[39m[22m
Compiling...
Compiled with warnings.

[eslint] 
src\pages\AnomalyDetection.jsx
  Line 5:7:  'severityTone' is assigned a value but never used  no-unused-vars

src\pages\DashboardHome.jsx
  Line 10:3:  'EmptyState' is defined but never used  no-unused-vars

Search for the keywords to learn more about each warning.
To ignore, add // eslint-disable-next-line to the line before.

[1m[33mWARNING[39m[22m in [1m[eslint] 
src\pages\AnomalyDetection.jsx
  Line 5:7:  'severityTone' is assigned a value but never used  no-unused-vars

src\pages\DashboardHome.jsx
  Line 10:3:  'EmptyState' is defined but never used  no-unused-vars

[39m[22m

webpack compiled with [1m[33m1 warning[39m[22m
Failed to compile.

Module not found: Error: Can't resolve './pages/IoTTelemetry' in 'C:\Users\Anup Kumar\Desktop\projects\swms\frontend\src'
[1m[33mWARNING[39m[22m in [1m[eslint] 
src\pages\AnomalyDetection.jsx
  Line 5:7:  'severityTone' is assigned a value but never used  no-unused-vars

src\pages\DashboardHome.jsx
  Line 10:3:  'EmptyState' is defined but never used  no-unused-vars

[39m[22m

[1m[31mERROR[39m[22m in [1m./src/App.jsx[39m[22m [1m[32m19:0-48[39m[22m
[1mModule [1m[31mnot found[39m[22m[1m: [1m[31mError[39m[22m[1m: Can't resolve './pages/IoTTelemetry' in 'C:\Users\Anup Kumar\Desktop\projects\swms\frontend\src'[39m[22m

webpack compiled with [1m[31m1 error[39m[22m and [1m[33m1 warning[39m[22m
Compiling...
Compiled with warnings.

[eslint] 
src\pages\AnomalyDetection.jsx
  Line 5:7:  'severityTone' is assigned a value but never used  no-unused-vars

src\pages\DashboardHome.jsx
  Line 10:3:  'EmptyState' is defined but never used  no-unused-vars

Search for the keywords to learn more about each warning.
To ignore, add // eslint-disable-next-line to the line before.

[1m[33mWARNING[39m[22m in [1m[eslint] 
src\pages\AnomalyDetection.jsx
  Line 5:7:  'severityTone' is assigned a value but never used  no-unused-vars

src\pages\DashboardHome.jsx
  Line 10:3:  'EmptyState' is defined but never used  no-unused-vars

[39m[22m

webpack compiled with [1m[33m1 warning[39m[22m
Failed to compile.

Module not found: Error: Can't resolve './pages/ComplaintsManagement' in 'C:\Users\Anup Kumar\Desktop\projects\swms\frontend\src'
[1m[33mWARNING[39m[22m in [1m[eslint] 
src\pages\AnomalyDetection.jsx
  Line 5:7:  'severityTone' is assigned a value but never used  no-unused-vars

src\pages\DashboardHome.jsx
  Line 10:3:  'EmptyState' is defined but never used  no-unused-vars

[39m[22m

[1m[31mERROR[39m[22m in [1m./src/App.jsx[39m[22m [1m[32m20:0-64[39m[22m
[1mModule [1m[31mnot found[39m[22m[1m: [1m[31mError[39m[22m[1m: Can't resolve './pages/ComplaintsManagement' in 'C:\Users\Anup Kumar\Desktop\projects\swms\frontend\src'[39m[22m

webpack compiled with [1m[31m1 error[39m[22m and [1m[33m1 warning[39m[22m
Compiling...
Compiled with warnings.

[eslint] 
src\pages\AnomalyDetection.jsx
  Line 5:7:  'severityTone' is assigned a value but never used  no-unused-vars

src\pages\DashboardHome.jsx
  Line 10:3:  'EmptyState' is defined but never used  no-unused-vars

Search for the keywords to learn more about each warning.
To ignore, add // eslint-disable-next-line to the line before.

[1m[33mWARNING[39m[22m in [1m[eslint] 
src\pages\AnomalyDetection.jsx
  Line 5:7:  'severityTone' is assigned a value but never used  no-unused-vars

src\pages\DashboardHome.jsx
  Line 10:3:  'EmptyState' is defined but never used  no-unused-vars

[39m[22m

webpack compiled with [1m[33m1 warning[39m[22m
Failed to compile.

Module not found: Error: Can't resolve './pages/IncidentCommandCenter' in 'C:\Users\Anup Kumar\Desktop\projects\swms\frontend\src'
[1m[33mWARNING[39m[22m in [1m[eslint] 
src\pages\AnomalyDetection.jsx
  Line 5:7:  'severityTone' is assigned a value but never used  no-unused-vars

src\pages\DashboardHome.jsx
  Line 10:3:  'EmptyState' is defined but never used  no-unused-vars

[39m[22m

[1m[31mERROR[39m[22m in [1m./src/App.jsx[39m[22m [1m[32m13:0-66[39m[22m
[1mModule [1m[31mnot found[39m[22m[1m: [1m[31mError[39m[22m[1m: Can't resolve './pages/IncidentCommandCenter' in 'C:\Users\Anup Kumar\Desktop\projects\swms\frontend\src'[39m[22m

webpack compiled with [1m[31m1 error[39m[22m and [1m[33m1 warning[39m[22m
Compiling...
Compiled with warnings.

[eslint] 
src\pages\AnomalyDetection.jsx
  Line 5:7:  'severityTone' is assigned a value but never used  no-unused-vars

src\pages\DashboardHome.jsx
  Line 10:3:  'EmptyState' is defined but never used  no-unused-vars

Search for the keywords to learn more about each warning.
To ignore, add // eslint-disable-next-line to the line before.

[1m[33mWARNING[39m[22m in [1m[eslint] 
src\pages\AnomalyDetection.jsx
  Line 5:7:  'severityTone' is assigned a value but never used  no-unused-vars

src\pages\DashboardHome.jsx
  Line 10:3:  'EmptyState' is defined but never used  no-unused-vars

[39m[22m

webpack compiled with [1m[33m1 warning[39m[22m
Compiling...
Compiled with warnings.

[eslint] 
src\pages\AnomalyDetection.jsx
  Line 5:7:  'severityTone' is assigned a value but never used  no-unused-vars

Search for the keywords to learn more about each warning.
To ignore, add // eslint-disable-next-line to the line before.

[1m[33mWARNING[39m[22m in [1m[eslint] 
src\pages\AnomalyDetection.jsx
  Line 5:7:  'severityTone' is assigned a value but never used  no-unused-vars

[39m[22m

webpack compiled with [1m[33m1 warning[39m[22m
Compiling...
Compiled successfully!
webpack compiled [1m[32msuccessfully[39m[22m
Compiling...
Compiled successfully!
webpack compiled [1m[32msuccessfully[39m[22m
Compiling...
Compiled successfully!
webpack compiled [1m[32msuccessfully[39m[22m
Compiling...
Compiled successfully!
webpack compiled [1m[32msuccessfully[39m[22m
Failed to compile.

Module not found: Error: Can't resolve '../components/ResourcePage' in 'C:\Users\Anup Kumar\Desktop\projects\swms\frontend\src\pages'
[1m[31mERROR[39m[22m in [1m./src/pages/Authority.jsx[39m[22m [1m[32m5:0-54[39m[22m
[1mModule [1m[31mnot found[39m[22m[1m: [1m[31mError[39m[22m[1m: Can't resolve '../components/ResourcePage' in 'C:\Users\Anup Kumar\Desktop\projects\swms\frontend\src\pages'[39m[22m

[1m[31mERROR[39m[22m in [1m./src/pages/Bin.jsx[39m[22m [1m[32m6:0-54[39m[22m
[1mModule [1m[31mnot found[39m[22m[1m: [1m[31mError[39m[22m[1m: Can't resolve '../components/ResourcePage' in 'C:\Users\Anup Kumar\Desktop\projects\swms\frontend\src\pages'[39m[22m

[1m[31mERROR[39m[22m in [1m./src/pages/Driver.jsx[39m[22m [1m[32m6:0-54[39m[22m
[1mModule [1m[31mnot found[39m[22m[1m: [1m[31mError[39m[22m[1m: Can't resolve '../components/ResourcePage' in 'C:\Users\Anup Kumar\Desktop\projects\swms\frontend\src\pages'[39m[22m

[1m[31mERROR[39m[22m in [1m./src/pages/User.jsx[39m[22m [1m[32m6:0-54[39m[22m
[1mModule [1m[31mnot found[39m[22m[1m: [1m[31mError[39m[22m[1m: Can't resolve '../components/ResourcePage' in 'C:\Users\Anup Kumar\Desktop\projects\swms\frontend\src\pages'[39m[22m

[1m[31mERROR[39m[22m in [1m./src/pages/Vehicle.jsx[39m[22m [1m[32m6:0-54[39m[22m
[1mModule [1m[31mnot found[39m[22m[1m: [1m[31mError[39m[22m[1m: Can't resolve '../components/ResourcePage' in 'C:\Users\Anup Kumar\Desktop\projects\swms\frontend\src\pages'[39m[22m

webpack compiled with [1m[31m5 errors[39m[22m
Compiling...
Compiled successfully!
webpack compiled [1m[32msuccessfully[39m[22m
